./results/dbval_aaa_account_business_entity.csv.txt:------------------------------- SUMMARY: Total=0  Passed=0  Failed=0 -------------------------------
./results/dbval_aaa_group_type_code.csv.txt:------------------------------- SUMMARY: Total=2  Passed=2  Failed=0 -------------------------------
./results/dbval_aaa_perm_group.csv.txt:------------------------------- SUMMARY: Total=0  Passed=0  Failed=0 -------------------------------
./results/dbval_access_status.csv.txt:------------------------------- SUMMARY: Total=3  Passed=3  Failed=0 -------------------------------
./results/dbval_annual_4_quarter_composition.csv.txt:------------------------------ SUMMARY: Total=642 Passed=642 Failed=0 ------------------------------
./results/dbval_application.csv.txt:------------------------------- SUMMARY: Total=14 Passed=14 Failed=0 -------------------------------
./results/dbval_application_license_type.csv.txt:------------------------------- SUMMARY: Total=2  Passed=2  Failed=0 -------------------------------
./results/dbval_application_msg.csv.txt:------------------------------- SUMMARY: Total=0  Passed=0  Failed=0 -------------------------------
./results/dbval_asset_class.csv.txt:------------------------------ SUMMARY: Total=160 Passed=160 Failed=0 ------------------------------
./results/dbval_asset_domain.csv.txt:------------------------------- SUMMARY: Total=9  Passed=9  Failed=0 -------------------------------
./results/dbval_asset_identifier_s.csv.txt:------------------------------- SUMMARY: Total=0  Passed=0  Failed=0 -------------------------------
./results/dbval_asset_identifier_type.csv.txt:------------------------------- SUMMARY: Total=9  Passed=9  Failed=0 -------------------------------
./results/dbval_asset_payment.csv.txt:------------------------------- SUMMARY: Total=0  Passed=0  Failed=0 -------------------------------
./results/dbval_asset_state.csv.txt:------------------------------- SUMMARY: Total=4  Passed=4  Failed=0 -------------------------------
./results/dbval_asset_state_chg_reason.csv.txt:------------------------------- SUMMARY: Total=7  Passed=7  Failed=0 -------------------------------
./results/dbval_attrib_category.csv.txt:------------------------------- SUMMARY: Total=25 Passed=25 Failed=0 -------------------------------
./results/dbval_attrib_load_completion_status.csv.txt:------------------------------- SUMMARY: Total=5  Passed=5  Failed=0 -------------------------------
./results/dbval_attrib_load_schedule.csv.txt:------------------------------- SUMMARY: Total=0  Passed=0  Failed=0 -------------------------------
./results/dbval_attrib_load_state.csv.txt:------------------------------- SUMMARY: Total=3  Passed=3  Failed=0 -------------------------------
./results/dbval_attrib_mday_money_val_na.csv.txt:------------------------------- SUMMARY: Total=0  Passed=0  Failed=0 -------------------------------
./results/dbval_attrib_mday_money_val_rdc.csv.txt:------------------------------- SUMMARY: Total=0  Passed=0  Failed=0 -------------------------------
./results/dbval_attrib_mday_number_val_na.csv.txt:------------------------------- SUMMARY: Total=0  Passed=0  Failed=0 -------------------------------
./results/dbval_attrib_mday_string_val_na.csv.txt:------------------------------- SUMMARY: Total=0  Passed=0  Failed=0 -------------------------------
./results/dbval_attrib_partition.csv.txt:------------------------------- SUMMARY: Total=99 Passed=99 Failed=0 -------------------------------
./results/dbval_attrib_retrieval_method_type.csv.txt:------------------------------- SUMMARY: Total=5  Passed=5  Failed=0 -------------------------------
./results/dbval_attrib_sday_money_val.csv.txt:----------------------------- SUMMARY: Total=2012 Passed=2012 Failed=0 -----------------------------
./results/dbval_attrib_sday_money_val_na.csv.txt:------------------------------- SUMMARY: Total=0  Passed=0  Failed=0 -------------------------------
./results/dbval_attrib_sday_number_val_dse.csv.txt:------------------------------- SUMMARY: Total=0  Passed=0  Failed=0 -------------------------------
./results/dbval_attrib_sday_number_val_na.csv.txt:------------------------------- SUMMARY: Total=0  Passed=0  Failed=0 -------------------------------
./results/dbval_attrib_snum_user_1.csv.txt:----------------------------- SUMMARY: Total=1982 Passed=1982 Failed=0 -----------------------------
./results/dbval_attrib_type.csv.txt:------------------------------- SUMMARY: Total=4  Passed=4  Failed=0 -------------------------------
./results/dbval_attrib_user_str_val.csv.txt:------------------------------- SUMMARY: Total=0  Passed=0  Failed=0 -------------------------------
./results/dbval_attrib_value_period.csv.txt:------------------------------- SUMMARY: Total=2  Passed=2  Failed=0 -------------------------------
./results/dbval_basename.csv.txt:------------------------------- SUMMARY: Total=16 Passed=16 Failed=0 -------------------------------
./results/dbval_business_entity_03312006_tmp.csv.txt:------------------------------ SUMMARY: Total=206 Passed=206 Failed=0 ------------------------------
./results/dbval_ca_type_external_code.csv.txt:------------------------------ SUMMARY: Total=139 Passed=139 Failed=0 ------------------------------
./results/dbval_cache.csv.txt:------------------------------- SUMMARY: Total=1  Passed=1  Failed=0 -------------------------------
./results/dbval_cache_notify_status.csv.txt:------------------------------- SUMMARY: Total=20 Passed=20 Failed=0 -------------------------------
./results/dbval_cash_flow_element.csv.txt:------------------------------- SUMMARY: Total=0  Passed=0  Failed=0 -------------------------------
./results/dbval_cash_flow_schedule.csv.txt:------------------------------- SUMMARY: Total=0  Passed=0  Failed=0 -------------------------------
./results/dbval_citrix_topas_mapping.csv.txt:------------------------------ SUMMARY: Total=174 Passed=174 Failed=0 ------------------------------
./results/dbval_classification_picker.csv.txt:------------------------------- SUMMARY: Total=15 Passed=15 Failed=0 -------------------------------
./results/dbval_client.csv.txt:------------------------------ SUMMARY: Total=185 Passed=185 Failed=0 ------------------------------
./results/dbval_client_application_license.csv.txt:------------------------------- SUMMARY: Total=0  Passed=0  Failed=0 -------------------------------
./results/dbval_client_application_preferences.csv.txt:------------------------------- SUMMARY: Total=0  Passed=0  Failed=0 -------------------------------
./results/dbval_content_load_monitor_config.csv.txt:------------------------------ SUMMARY: Total=158 Passed=158 Failed=0 ------------------------------
./results/dbval_corax_retrieval_rule.csv.txt:------------------------------- SUMMARY: Total=1  Passed=1  Failed=0 -------------------------------
./results/dbval_corporate_action_class.csv.txt:------------------------------- SUMMARY: Total=4  Passed=4  Failed=0 -------------------------------
./results/dbval_corporate_action_idc.csv.txt:----------------------------- SUMMARY: Total=1992 Passed=1992 Failed=0 -----------------------------
./results/dbval_corporate_action_state.csv.txt:------------------------------- SUMMARY: Total=2  Passed=2  Failed=0 -------------------------------
./results/dbval_corporate_action_type.csv.txt:------------------------------ SUMMARY: Total=203 Passed=203 Failed=0 ------------------------------
./results/dbval_currency_identifier.csv.txt:------------------------------ SUMMARY: Total=374 Passed=374 Failed=0 ------------------------------
./results/dbval_data_class.csv.txt:------------------------------- SUMMARY: Total=5  Passed=5  Failed=0 -------------------------------
./results/dbval_data_loader_tolerance_level.csv.txt:------------------------------- SUMMARY: Total=2  Passed=2  Failed=0 -------------------------------
./results/dbval_database_of_record.csv.txt:------------------------------- SUMMARY: Total=5  Passed=5  Failed=0 -------------------------------
./results/dbval_day.csv.txt:----------------------------- SUMMARY: Total=1957 Passed=1957 Failed=0 -----------------------------
./results/dbval_dbcredentials.csv.txt:------------------------------- SUMMARY: Total=2  Passed=2  Failed=0 -------------------------------
./results/dbval_dc_map_job_data_translation.csv.txt:------------------------------- SUMMARY: Total=0  Passed=0  Failed=0 -------------------------------
./results/dbval_dc_map_job_file_definition.csv.txt:------------------------------- SUMMARY: Total=0  Passed=0  Failed=0 -------------------------------
./results/dbval_dc_migr_allowed_src_env.csv.txt:------------------------------- SUMMARY: Total=1  Passed=1  Failed=0 -------------------------------
./results/dbval_dc_migr_job_state_cd.csv.txt:------------------------------- SUMMARY: Total=3  Passed=3  Failed=0 -------------------------------
./results/dbval_dc_migr_job_type_cd.csv.txt:------------------------------- SUMMARY: Total=3  Passed=3  Failed=0 -------------------------------
./results/dbval_dc_migr_load_lock_dur_cd.csv.txt:------------------------------- SUMMARY: Total=2  Passed=2  Failed=0 -------------------------------
./results/dbval_dc_migr_run_type_cd.csv.txt:------------------------------- SUMMARY: Total=2  Passed=2  Failed=0 -------------------------------
./results/dbval_dc_migr_table.csv.txt:------------------------------- SUMMARY: Total=63 Passed=63 Failed=0 -------------------------------
./results/dbval_def_benchmark.csv.txt:------------------------------- SUMMARY: Total=12 Passed=12 Failed=0 -------------------------------
./results/dbval_div_splt_s.csv.txt:------------------------------- SUMMARY: Total=0  Passed=0  Failed=0 -------------------------------
./results/dbval_dmt_resource.csv.txt:------------------------------- SUMMARY: Total=46 Passed=46 Failed=0 -------------------------------
./results/dbval_dmt_role_resource.csv.txt:------------------------------ SUMMARY: Total=139 Passed=139 Failed=0 ------------------------------
./results/dbval_dsos_assets_delete_failed_log.csv.txt:------------------------------- SUMMARY: Total=0  Passed=0  Failed=0 -------------------------------
./results/dbval_eikon_t1_sharing_request.csv.txt:------------------------------- SUMMARY: Total=0  Passed=0  Failed=0 -------------------------------
./results/dbval_eikon_t1_sharing_request_s.csv.txt:------------------------------- SUMMARY: Total=0  Passed=0  Failed=0 -------------------------------
./results/dbval_entity_def_field.csv.txt:------------------------------ SUMMARY: Total=128 Passed=128 Failed=0 ------------------------------
./results/dbval_entity_def_field_to_db_map.csv.txt:------------------------------ SUMMARY: Total=145 Passed=145 Failed=0 ------------------------------
./results/dbval_entity_def_relation.csv.txt:------------------------------- SUMMARY: Total=6  Passed=6  Failed=0 -------------------------------
./results/dbval_entity_def_relation_field.csv.txt:------------------------------- SUMMARY: Total=7  Passed=7  Failed=0 -------------------------------
./results/dbval_entity_def_relation_type.csv.txt:------------------------------- SUMMARY: Total=2  Passed=2  Failed=0 -------------------------------
./results/dbval_entity_default_value_type.csv.txt:------------------------------- SUMMARY: Total=0  Passed=0  Failed=0 -------------------------------
./results/dbval_entity_definition.csv.txt:------------------------------- SUMMARY: Total=8  Passed=8  Failed=0 -------------------------------
./results/dbval_entity_field_data_context.csv.txt:------------------------------- SUMMARY: Total=9  Passed=9  Failed=0 -------------------------------
./results/dbval_entity_field_data_type.csv.txt:------------------------------- SUMMARY: Total=9  Passed=9  Failed=0 -------------------------------
./results/dbval_entity_group_comp_temp.csv.txt:----------------------------- SUMMARY: Total=2044 Passed=2044 Failed=0 -----------------------------
./results/dbval_entity_group_temp.csv.txt:----------------------------- SUMMARY: Total=2024 Passed=2024 Failed=0 -----------------------------
./results/dbval_entity_mapping_type.csv.txt:------------------------------- SUMMARY: Total=4  Passed=4  Failed=0 -------------------------------
./results/dbval_entity_partition.csv.txt:------------------------------- SUMMARY: Total=45 Passed=45 Failed=0 -------------------------------
./results/dbval_entity_searchability_type.csv.txt:------------------------------- SUMMARY: Total=2  Passed=2  Failed=0 -------------------------------
./results/dbval_entity_subtype.csv.txt:------------------------------- SUMMARY: Total=10 Passed=10 Failed=0 -------------------------------
./results/dbval_entity_type.csv.txt:------------------------------- SUMMARY: Total=28 Passed=28 Failed=0 -------------------------------
./results/dbval_eqmast.csv.txt:------------------------------- SUMMARY: Total=0  Passed=0  Failed=0 -------------------------------
./results/dbval_eqmast_s.csv.txt:------------------------------- SUMMARY: Total=0  Passed=0  Failed=0 -------------------------------
./results/dbval_event_type.csv.txt:------------------------------- SUMMARY: Total=5  Passed=5  Failed=0 -------------------------------
./results/dbval_exchange.csv.txt:------------------------------- SUMMARY: Total=0  Passed=0  Failed=0 -------------------------------
./results/dbval_exchange_iso_map.csv.txt:------------------------------ SUMMARY: Total=670 Passed=670 Failed=0 ------------------------------
./results/dbval_file_format_type.csv.txt:------------------------------- SUMMARY: Total=4  Passed=4  Failed=0 -------------------------------
./results/dbval_filter_definition.csv.txt:------------------------------- SUMMARY: Total=13 Passed=13 Failed=0 -------------------------------
./results/dbval_histmast.csv.txt:------------------------------- SUMMARY: Total=0  Passed=0  Failed=0 -------------------------------
./results/dbval_hmxtra.csv.txt:------------------------------- SUMMARY: Total=0  Passed=0  Failed=0 -------------------------------
./results/dbval_holdings_load_failed_log.csv.txt:----------------------------- SUMMARY: Total=1954 Passed=1954 Failed=0 -----------------------------
./results/dbval_holdings_load_job.csv.txt:----------------------------- SUMMARY: Total=2018 Passed=2018 Failed=0 -----------------------------
./results/dbval_holdings_load_job_log.csv.txt:----------------------------- SUMMARY: Total=1985 Passed=1985 Failed=0 -----------------------------
./results/dbval_identifier_save.csv.txt:------------------------------ SUMMARY: Total=176 Passed=176 Failed=0 ------------------------------
./results/dbval_idiv_splt_s.csv.txt:------------------------------- SUMMARY: Total=0  Passed=0  Failed=0 -------------------------------
./results/dbval_ilx_comp_identifier_backup1.csv.txt:----------------------------- SUMMARY: Total=2036 Passed=2036 Failed=0 -----------------------------
./results/dbval_ilx_exchange_iso_map.csv.txt:------------------------------ SUMMARY: Total=311 Passed=311 Failed=0 ------------------------------
./results/dbval_ilx_tmp.csv.txt:----------------------------- SUMMARY: Total=2034 Passed=2034 Failed=0 -----------------------------
./results/dbval_index_class.csv.txt:------------------------------- SUMMARY: Total=3  Passed=3  Failed=0 -------------------------------
./results/dbval_index_info.csv.txt:----------------------------- SUMMARY: Total=1609 Passed=1609 Failed=0 -----------------------------
./results/dbval_intlmast_s.csv.txt:------------------------------- SUMMARY: Total=0  Passed=0  Failed=0 -------------------------------
./results/dbval_issuer.csv.txt:----------------------------- SUMMARY: Total=1966 Passed=1966 Failed=0 -----------------------------
./results/dbval_isym_cross.csv.txt:----------------------------- SUMMARY: Total=2045 Passed=2045 Failed=0 -----------------------------
./results/dbval_job_completion_type.csv.txt:------------------------------- SUMMARY: Total=4  Passed=4  Failed=0 -------------------------------
./results/dbval_job_data_encoding_type.csv.txt:------------------------------- SUMMARY: Total=2  Passed=2  Failed=0 -------------------------------
./results/dbval_job_dataload_column_type.csv.txt:------------------------------- SUMMARY: Total=11 Passed=11 Failed=0 -------------------------------
./results/dbval_job_dataload_data_type.csv.txt:------------------------------- SUMMARY: Total=3  Passed=3  Failed=0 -------------------------------
./results/dbval_job_file_compression_type.csv.txt:------------------------------- SUMMARY: Total=1  Passed=1  Failed=0 -------------------------------
./results/dbval_job_load_type.csv.txt:------------------------------- SUMMARY: Total=10 Passed=10 Failed=0 -------------------------------
./results/dbval_job_property_type.csv.txt:------------------------------- SUMMARY: Total=13 Passed=13 Failed=0 -------------------------------
./results/dbval_job_result_deliv_config.csv.txt:------------------------------- SUMMARY: Total=0  Passed=0  Failed=0 -------------------------------
./results/dbval_job_result_deliv_config_format.csv.txt:------------------------------- SUMMARY: Total=0  Passed=0  Failed=0 -------------------------------
./results/dbval_job_specification_composition.csv.txt:------------------------------- SUMMARY: Total=0  Passed=0  Failed=0 -------------------------------
./results/dbval_job_state_type.csv.txt:------------------------------- SUMMARY: Total=7  Passed=7  Failed=0 -------------------------------
./results/dbval_job_type.csv.txt:------------------------------- SUMMARY: Total=11 Passed=11 Failed=0 -------------------------------
./results/dbval_legacy_attribute_map.csv.txt:------------------------------- SUMMARY: Total=0  Passed=0  Failed=0 -------------------------------
./results/dbval_legacy_code_lookup_type.csv.txt:------------------------------- SUMMARY: Total=2  Passed=2  Failed=0 -------------------------------
./results/dbval_legacy_file_type.csv.txt:------------------------------- SUMMARY: Total=2  Passed=2  Failed=0 -------------------------------
./results/dbval_list_appl_text_data.csv.txt:------------------------------- SUMMARY: Total=0  Passed=0  Failed=0 -------------------------------
./results/dbval_list_comp_appl_update.csv.txt:------------------------------- SUMMARY: Total=0  Passed=0  Failed=0 -------------------------------
./results/dbval_load_attrib_fx_rate_dse.csv.txt:------------------------------- SUMMARY: Total=0  Passed=0  Failed=0 -------------------------------
./results/dbval_load_benchmark.csv.txt:------------------------------ SUMMARY: Total=814 Passed=814 Failed=0 ------------------------------
./results/dbval_load_entity_uid.csv.txt:----------------------------- SUMMARY: Total=2030 Passed=2030 Failed=0 -----------------------------
./results/dbval_load_log.csv.txt:------------------------------- SUMMARY: Total=0  Passed=0  Failed=0 -------------------------------
./results/dbval_load_risk_covariance.csv.txt:------------------------------- SUMMARY: Total=0  Passed=0  Failed=0 -------------------------------
./results/dbval_load_risk_numeric.csv.txt:------------------------------- SUMMARY: Total=0  Passed=0  Failed=0 -------------------------------
./results/dbval_load_risk_sector.csv.txt:------------------------------- SUMMARY: Total=0  Passed=0  Failed=0 -------------------------------
./results/dbval_load_short_name.csv.txt:------------------------------ SUMMARY: Total=117 Passed=117 Failed=0 ------------------------------
./results/dbval_log_flag.csv.txt:------------------------------- SUMMARY: Total=9  Passed=9  Failed=0 -------------------------------
./results/dbval_map_load.csv.txt:------------------------------ SUMMARY: Total=195 Passed=195 Failed=0 ------------------------------
./results/dbval_market_segment_subtype.csv.txt:------------------------------- SUMMARY: Total=0  Passed=0  Failed=0 -------------------------------
./results/dbval_market_segment_type.csv.txt:------------------------------- SUMMARY: Total=5  Passed=5  Failed=0 -------------------------------
./results/dbval_message_log.csv.txt:------------------------------- SUMMARY: Total=0  Passed=0  Failed=0 -------------------------------
./results/dbval_minor_asset_class.csv.txt:------------------------------- SUMMARY: Total=20 Passed=20 Failed=0 -------------------------------
./results/dbval_mmaster_sprdsheet.csv.txt:------------------------------ SUMMARY: Total=225 Passed=225 Failed=0 ------------------------------
./results/dbval_nasedol.csv.txt:----------------------------- SUMMARY: Total=2032 Passed=2032 Failed=0 -----------------------------
./results/dbval_ntile_scheme_universe_type.csv.txt:------------------------------- SUMMARY: Total=4  Passed=4  Failed=0 -------------------------------
./results/dbval_odot_entity_uid_temp.csv.txt:----------------------------- SUMMARY: Total=1355 Passed=1355 Failed=0 -----------------------------
./results/dbval_odot_portfolio_temp.csv.txt:----------------------------- SUMMARY: Total=2001 Passed=2001 Failed=0 -----------------------------
./results/dbval_operator.csv.txt:------------------------------- SUMMARY: Total=9  Passed=9  Failed=0 -------------------------------
./results/dbval_organization_type.csv.txt:------------------------------- SUMMARY: Total=4  Passed=4  Failed=0 -------------------------------
./results/dbval_periodicity.csv.txt:------------------------------- SUMMARY: Total=4  Passed=4  Failed=0 -------------------------------
./results/dbval_perm.csv.txt:------------------------------- SUMMARY: Total=12 Passed=12 Failed=0 -------------------------------
./results/dbval_perm_appl_exclude_policy.csv.txt:------------------------------- SUMMARY: Total=1  Passed=1  Failed=0 -------------------------------
./results/dbval_perm_attribute.csv.txt:------------------------------- SUMMARY: Total=4  Passed=4  Failed=0 -------------------------------
./results/dbval_perm_group_type_code.csv.txt:------------------------------- SUMMARY: Total=2  Passed=2  Failed=0 -------------------------------
./results/dbval_perm_policy_perm_temp.csv.txt:----------------------------- SUMMARY: Total=1956 Passed=1956 Failed=0 -----------------------------
./results/dbval_perm_policy_resource_temp.csv.txt:----------------------------- SUMMARY: Total=2015 Passed=2015 Failed=0 -----------------------------
./results/dbval_perm_policy_temp.csv.txt:----------------------------- SUMMARY: Total=2075 Passed=2075 Failed=0 -----------------------------
./results/dbval_perm_policy_user_group_temp.csv.txt:----------------------------- SUMMARY: Total=1962 Passed=1962 Failed=0 -----------------------------
./results/dbval_perm_policy_view_option.csv.txt:------------------------------- SUMMARY: Total=3  Passed=3  Failed=0 -------------------------------
./results/dbval_perm_resource_perm.csv.txt:------------------------------- SUMMARY: Total=0  Passed=0  Failed=0 -------------------------------
./results/dbval_portfolio_asset_domain.csv.txt:------------------------------- SUMMARY: Total=12 Passed=12 Failed=0 -------------------------------
./results/dbval_portfolio_attrib_messg_track.csv.txt:------------------------------- SUMMARY: Total=4  Passed=4  Failed=0 -------------------------------
./results/dbval_portfolio_benchmark.csv.txt:------------------------------- SUMMARY: Total=14 Passed=14 Failed=0 -------------------------------
./results/dbval_portfolio_class.csv.txt:------------------------------- SUMMARY: Total=9  Passed=9  Failed=0 -------------------------------
./results/dbval_portfolio_comp.csv.txt:------------------------------ SUMMARY: Total=130 Passed=130 Failed=0 ------------------------------
./results/dbval_portfolio_composition_type.csv.txt:------------------------------- SUMMARY: Total=1  Passed=1  Failed=0 -------------------------------
./results/dbval_portfolio_holdings_type.csv.txt:------------------------------- SUMMARY: Total=0  Passed=0  Failed=0 -------------------------------
./results/dbval_portfolio_mgr.csv.txt:------------------------------- SUMMARY: Total=66 Passed=66 Failed=0 -------------------------------
./results/dbval_portfolio_model.csv.txt:------------------------------- SUMMARY: Total=0  Passed=0  Failed=0 -------------------------------
./results/dbval_portfolio_objective.csv.txt:------------------------------- SUMMARY: Total=0  Passed=0  Failed=0 -------------------------------
./results/dbval_portfolio_state.csv.txt:------------------------------- SUMMARY: Total=3  Passed=3  Failed=0 -------------------------------
./results/dbval_portfolio_style.csv.txt:------------------------------- SUMMARY: Total=0  Passed=0  Failed=0 -------------------------------
./results/dbval_preferred_id_type_rank.csv.txt:------------------------------- SUMMARY: Total=17 Passed=17 Failed=0 -------------------------------
./results/dbval_price_type.csv.txt:------------------------------- SUMMARY: Total=1  Passed=1  Failed=0 -------------------------------
./results/dbval_profiling_method.csv.txt:------------------------------- SUMMARY: Total=8  Passed=8  Failed=0 -------------------------------
./results/dbval_pw_journal_entity_type.csv.txt:------------------------------- SUMMARY: Total=11 Passed=11 Failed=0 -------------------------------
./results/dbval_quarter.csv.txt:------------------------------- SUMMARY: Total=4  Passed=4  Failed=0 -------------------------------
./results/dbval_range_domain_type.csv.txt:------------------------------- SUMMARY: Total=2  Passed=2  Failed=0 -------------------------------
./results/dbval_range_partitioning_type.csv.txt:------------------------------- SUMMARY: Total=3  Passed=3  Failed=0 -------------------------------
./results/dbval_ranking_definition.csv.txt:------------------------------- SUMMARY: Total=7  Passed=7  Failed=0 -------------------------------
./results/dbval_ranking_scoring_rule.csv.txt:------------------------------- SUMMARY: Total=20 Passed=20 Failed=0 -------------------------------
./results/dbval_ranking_tie_breaker_rule.csv.txt:------------------------------- SUMMARY: Total=5  Passed=5  Failed=0 -------------------------------
./results/dbval_reason.csv.txt:------------------------------- SUMMARY: Total=10 Passed=10 Failed=0 -------------------------------
./results/dbval_region.csv.txt:------------------------------ SUMMARY: Total=485 Passed=485 Failed=0 ------------------------------
./results/dbval_rep_asset.csv.txt:----------------------------- SUMMARY: Total=2053 Passed=2053 Failed=0 -----------------------------
./results/dbval_rep_asset_identifier.csv.txt:----------------------------- SUMMARY: Total=2005 Passed=2005 Failed=0 -----------------------------
./results/dbval_reserved_attribute_code.csv.txt:------------------------------- SUMMARY: Total=1  Passed=1  Failed=0 -------------------------------
./results/dbval_rm_factor_class.csv.txt:------------------------------- SUMMARY: Total=1  Passed=1  Failed=0 -------------------------------
./results/dbval_rm_factor_return.csv.txt:------------------------------- SUMMARY: Total=0  Passed=0  Failed=0 -------------------------------
./results/dbval_sector.csv.txt:------------------------------ SUMMARY: Total=303 Passed=303 Failed=0 ------------------------------
./results/dbval_segment_constituent.csv.txt:----------------------------- SUMMARY: Total=1338 Passed=1338 Failed=0 -----------------------------
./results/dbval_segment_range.csv.txt:------------------------------- SUMMARY: Total=0  Passed=0  Failed=0 -------------------------------
./results/dbval_segment_scheme.csv.txt:------------------------------- SUMMARY: Total=16 Passed=16 Failed=0 -------------------------------
./results/dbval_segment_scheme_subtype.csv.txt:------------------------------- SUMMARY: Total=7  Passed=7  Failed=0 -------------------------------
./results/dbval_segment_scheme_type.csv.txt:------------------------------- SUMMARY: Total=2  Passed=2  Failed=0 -------------------------------
./results/dbval_sovereign_term_to_maturity.csv.txt:------------------------------- SUMMARY: Total=13 Passed=13 Failed=0 -------------------------------
./results/dbval_split_adjust_method.csv.txt:------------------------------- SUMMARY: Total=3  Passed=3  Failed=0 -------------------------------
./results/dbval_strategy_definition.csv.txt:------------------------------- SUMMARY: Total=7  Passed=7  Failed=0 -------------------------------
./results/dbval_strategy_filter_comp.csv.txt:------------------------------- SUMMARY: Total=13 Passed=13 Failed=0 -------------------------------
./results/dbval_strategy_filter_selection_type.csv.txt:------------------------------- SUMMARY: Total=2  Passed=2  Failed=0 -------------------------------
./results/dbval_task_dependency_type.csv.txt:------------------------------- SUMMARY: Total=3  Passed=3  Failed=0 -------------------------------
./results/dbval_tmp_rm_factor_type.csv.txt:------------------------------- SUMMARY: Total=2  Passed=2  Failed=0 -------------------------------
./results/dbval_tmt_dump.csv.txt:----------------------------- SUMMARY: Total=2014 Passed=2014 Failed=0 -----------------------------
./results/dbval_tmt_dump_bad.csv.txt:------------------------------- SUMMARY: Total=34 Passed=34 Failed=0 -------------------------------
./results/dbval_tmt_quote_level_data_load.csv.txt:----------------------------- SUMMARY: Total=1928 Passed=1928 Failed=0 -----------------------------
./results/dbval_tmt_security_level_data_load.csv.txt:----------------------------- SUMMARY: Total=2011 Passed=2011 Failed=0 -----------------------------
./results/dbval_topas_worldscope_fields_map.csv.txt:------------------------------- SUMMARY: Total=30 Passed=30 Failed=0 -------------------------------
./results/dbval_topas_worldscope_fields_map2.csv.txt:------------------------------- SUMMARY: Total=14 Passed=14 Failed=0 -------------------------------
./results/dbval_topsales_tmp.csv.txt:----------------------------- SUMMARY: Total=1986 Passed=1986 Failed=0 -----------------------------
./results/dbval_transaction_instrument_relat.csv.txt:------------------------------- SUMMARY: Total=0  Passed=0  Failed=0 -------------------------------
./results/dbval_transaction_party.csv.txt:------------------------------- SUMMARY: Total=0  Passed=0  Failed=0 -------------------------------
./results/dbval_transaction_status.csv.txt:------------------------------- SUMMARY: Total=0  Passed=0  Failed=0 -------------------------------
./results/dbval_transaction_type.csv.txt:------------------------------- SUMMARY: Total=9  Passed=9  Failed=0 -------------------------------
./results/dbval_uid_feed_map.csv.txt:----------------------------- SUMMARY: Total=2004 Passed=2004 Failed=0 -----------------------------
./results/dbval_uid_feed_map_status_code.csv.txt:------------------------------- SUMMARY: Total=6  Passed=6  Failed=0 -------------------------------
./results/dbval_universe_composition_type.csv.txt:------------------------------- SUMMARY: Total=2  Passed=2  Failed=0 -------------------------------
./results/dbval_universe_definition.csv.txt:------------------------------- SUMMARY: Total=11 Passed=11 Failed=0 -------------------------------
./results/dbval_update_lock_db.csv.txt:------------------------------- SUMMARY: Total=1  Passed=1  Failed=0 -------------------------------
./results/dbval_update_lock_org.csv.txt:------------------------------- SUMMARY: Total=0  Passed=0  Failed=0 -------------------------------
./results/dbval_update_lock_reason.csv.txt:------------------------------- SUMMARY: Total=3  Passed=3  Failed=0 -------------------------------
./results/dbval_user_info_subid_backup.csv.txt:------------------------------ SUMMARY: Total=222 Passed=222 Failed=0 ------------------------------
./results/dbval_user_infok.csv.txt:------------------------------- SUMMARY: Total=93 Passed=93 Failed=0 -------------------------------
./results/dbval_user_pis_egc_save.csv.txt:------------------------------ SUMMARY: Total=495 Passed=495 Failed=0 ------------------------------
./results/dbval_user_pis_entity_save.csv.txt:------------------------------ SUMMARY: Total=495 Passed=495 Failed=0 ------------------------------
./results/dbval_user_pis_hl_save.csv.txt:----------------------------- SUMMARY: Total=1957 Passed=1957 Failed=0 -----------------------------
./results/dbval_user_pis_holdings_save.csv.txt:----------------------------- SUMMARY: Total=1970 Passed=1970 Failed=0 -----------------------------
./results/dbval_user_pis_hs_save.csv.txt:----------------------------- SUMMARY: Total=2051 Passed=2051 Failed=0 -----------------------------
./results/dbval_valuation_idc.csv.txt:----------------------------- SUMMARY: Total=2060 Passed=2060 Failed=0 -----------------------------
./results/dbval_webservice_request_type.csv.txt:------------------------------- SUMMARY: Total=8  Passed=8  Failed=0 -------------------------------
./results/dbval_wgt_scheme.csv.txt:------------------------------- SUMMARY: Total=1  Passed=1  Failed=0 -------------------------------
./results/dbval_worldscope_country_load.csv.txt:------------------------------- SUMMARY: Total=0  Passed=0  Failed=0 -------------------------------
./results/dbval_worldscope_field_load.csv.txt:------------------------------- SUMMARY: Total=0  Passed=0  Failed=0 -------------------------------
./results/dbval_worldscope_fiscal_date_load.csv.txt:------------------------------ SUMMARY: Total=419 Passed=419 Failed=0 ------------------------------
./results/dbval_wsr_usercd.csv.txt:----------------------------- SUMMARY: Total=1981 Passed=1981 Failed=0 -----------------------------
./results/dbval_year.csv.txt:------------------------------- SUMMARY: Total=41 Passed=41 Failed=0 -------------------------------
./results/dbval_year_and_quarter.csv.txt:------------------------------ SUMMARY: Total=163 Passed=163 Failed=0 ------------------------------
